1 6 3
1 7 8
1 10 2
1 11 9
1 12 4
1 14 1
1 15 13
1 18 17
1 19 5
1 16 20
2 4 2
2 6 10
2 12 7
2 13 8
2 11 15
2 1 16
2 17 5
2 3 18
2 19 14
2 9 20
3 5 3
3 4 6
3 2 7
3 1 9
3 8 12
3 13 11
3 17 14
3 18 10
3 16 19
3 20 15
4 7 6
4 2 8
4 10 5
4 12 13
4 14 3
4 15 1
4 16 17
4 18 4
4 19 9
4 20 11
5 5 4
5 6 8
5 11 1
5 12 2
5 14 10
5 3 16
5 9 17
5 7 18
5 15 19
5 13 20
6 5 7
6 9 3
6 6 12
6 2 13
6 4 14
6 16 10
6 17 15
6 8 18
6 19 11
6 1 20
7 2 6
7 8 5
7 10 9
7 1 13
7 7 14
7 15 3
7 4 16
7 11 17
7 18 12
7 20 19
8 9 4
8 3 11
8 12 5
8 13 6
8 14 8
8 10 15
8 7 16
8 18 2
8 19 1
8 17 20
9 5 2
9 9 7
9 11 10
9 14 12
9 4 15
9 16 8
9 17 1
9 6 18
9 13 19
9 20 3
10 1 3
10 6 5
10 8 9
10 4 11
10 2 14
10 15 7
10 12 16
10 18 13
10 19 17
10 10 20
11 1 10
11 7 11
11 9 12
11 14 6
11 15 8
11 2 16
11 13 17
11 18 5
11 3 19
11 20 4
12 4 1
12 9 2
12 11 8
12 5 13
12 12 15
12 16 6
12 17 3
12 14 18
12 19 10
12 7 20
13 1 7
13 6 9
13 12 11
13 3 13
13 5 14
13 15 2
13 10 17
13 18 16
13 4 19
13 8 20
14 1 8
14 3 10
14 2 11
14 13 14
14 6 15
14 16 5
14 17 4
14 18 9
14 19 7
14 20 12
15 4 3
15 9 5
15 11 6
15 12 1
15 13 10
15 14 16
15 7 17
15 15 18
15 19 8
15 2 20
16 1 2
16 7 3
16 10 4
16 14 9
16 5 15
16 16 13
16 8 17
16 11 18
16 12 19
16 20 6
17 6 1
17 3 8
17 10 7
17 5 11
17 13 4
17 15 14
17 16 9
17 17 12
17 19 2
17 18 20
18 4 7
18 8 10
18 12 3
18 9 13
18 11 14
18 15 16
18 2 17
18 18 1
18 6 19
18 20 5
19 3 2
19 1 5
19 8 4
19 10 12
19 7 13
19 9 15
19 11 16
19 17 6
19 19 18
19 14 20
20 3 6
20 8 7
20 2 10
20 9 11
20 4 12
20 1 14
20 13 15
20 17 18
20 5 19
20 20 16
21 2 4
21 10 6
21 7 12
21 8 13
21 15 11
21 16 1
21 5 17
21 18 3
21 14 19
21 20 9
22 3 5
22 6 4
22 7 2
22 9 1
22 12 8
22 11 13
22 14 17
22 10 18
22 19 16
22 15 20
23 6 7
23 8 2
23 5 10
23 13 12
23 3 14
23 1 15
23 17 16
23 4 18
23 9 19
23 11 20
24 4 5
24 8 6
24 1 11
24 2 12
24 10 14
24 16 3
24 17 9
24 18 7
24 19 15
24 20 13
25 7 5
25 3 9
25 12 6
25 13 2
25 14 4
25 10 16
25 15 17
25 18 8
25 11 19
25 20 1
26 6 2
26 5 8
26 9 10
26 13 1
26 14 7
26 3 15
26 16 4
26 17 11
26 12 18
26 19 20
27 4 9
27 11 3
27 5 12
27 6 13
27 8 14
27 15 10
27 16 7
27 2 18
27 1 19
27 20 17
28 2 5
28 7 9
28 10 11
28 12 14
28 15 4
28 8 16
28 1 17
28 18 6
28 19 13
28 3 20
29 3 1
29 5 6
29 9 8
29 11 4
29 14 2
29 7 15
29 16 12
29 13 18
29 17 19
29 20 10
30 10 1
30 11 7
30 12 9
30 6 14
30 8 15
30 16 2
30 17 13
30 5 18
30 19 3
30 4 20
31 1 4
31 2 9
31 8 11
31 13 5
31 15 12
31 6 16
31 3 17
31 18 14
31 10 19
31 20 7
32 7 1
32 9 6
32 11 12
32 13 3
32 14 5
32 2 15
32 17 10
32 16 18
32 19 4
32 20 8
33 8 1
33 10 3
33 11 2
33 14 13
33 15 6
33 5 16
33 4 17
33 9 18
33 7 19
33 12 20
34 3 4
34 5 9
34 6 11
34 1 12
34 10 13
34 16 14
34 17 7
34 18 15
34 8 19
34 20 2
35 2 1
35 3 7
35 4 10
35 9 14
35 15 5
35 13 16
35 17 8
35 18 11
35 19 12
35 6 20
36 1 6
36 8 3
36 7 10
36 11 5
36 4 13
36 14 15
36 9 16
36 12 17
36 2 19
36 20 18
37 7 4
37 10 8
37 3 12
37 13 9
37 14 11
37 16 15
37 17 2
37 1 18
37 19 6
37 5 20
38 2 3
38 5 1
38 4 8
38 12 10
38 13 7
38 15 9
38 16 11
38 6 17
38 18 19
38 20 14
