{
    "_shards": {
        "failed": 0,
        "skipped": 0,
        "successful": 1,
        "total": 1
    },
    "aggregations": {
        "category_0": {
            "count": {
                "value": 0
            },
            "doc_count": 210481
        },
        "category_1": {
            "count": {
                "value": 0
            },
            "doc_count": 210349
        },
        "category_2": {
            "count": {
                "value": 0
            },
            "doc_count": 210759
        },
        "category_3": {
            "count": {
                "value": 0
            },
            "doc_count": 210377
        },
        "category_4": {
            "count": {
                "value": 0
            },
            "doc_count": 209746
        },
        "category_5": {
            "count": {
                "value": 0
            },
            "doc_count": 210789
        },
        "category_6": {
            "count": {
                "value": 0
            },
            "doc_count": 209732
        },
        "category_7": {
            "count": {
                "value": 0
            },
            "doc_count": 210431
        },
        "category_8": {
            "count": {
                "value": 0
            },
            "doc_count": 210164
        },
        "category_9": {
            "count": {
                "value": 0
            },
            "doc_count": 210038
        },
        "category_A": {
            "count": {
                "value": 0
            },
            "doc_count": 210161
        },
        "category_B": {
            "count": {
                "value": 0
            },
            "doc_count": 210009
        },
        "category_C": {
            "count": {
                "value": 0
            },
            "doc_count": 210123
        },
        "category_D": {
            "count": {
                "value": 0
            },
            "doc_count": 211022
        },
        "category_E": {
            "count": {
                "value": 0
            },
            "doc_count": 209871
        },
        "category_F": {
            "count": {
                "value": 0
            },
            "doc_count": 210837
        },
        "category_G": {
            "count": {
                "value": 0
            },
            "doc_count": 209920
        },
        "category_H": {
            "count": {
                "value": 0
            },
            "doc_count": 210501
        },
        "category_I": {
            "count": {
                "value": 0
            },
            "doc_count": 210494
        },
        "category_J": {
            "count": {
                "value": 0
            },
            "doc_count": 211069
        },
        "category_K": {
            "count": {
                "value": 0
            },
            "doc_count": 210812
        },
        "category_L": {
            "count": {
                "value": 0
            },
            "doc_count": 209681
        },
        "category_M": {
            "count": {
                "value": 0
            },
            "doc_count": 210519
        },
        "category_N": {
            "count": {
                "value": 0
            },
            "doc_count": 210364
        },
        "category_O": {
            "count": {
                "value": 0
            },
            "doc_count": 209727
        },
        "category_P": {
            "count": {
                "value": 0
            },
            "doc_count": 210887
        },
        "category_Q": {
            "count": {
                "value": 0
            },
            "doc_count": 210971
        },
        "category_R": {
            "count": {
                "value": 0
            },
            "doc_count": 210944
        },
        "category_S": {
            "count": {
                "value": 0
            },
            "doc_count": 210367
        },
        "category_T": {
            "count": {
                "value": 0
            },
            "doc_count": 210079
        },
        "category_U": {
            "count": {
                "value": 0
            },
            "doc_count": 209506
        },
        "category_V": {
            "count": {
                "value": 0
            },
            "doc_count": 209920
        },
        "category_W": {
            "count": {
                "value": 0
            },
            "doc_count": 210038
        },
        "category_X": {
            "count": {
                "value": 0
            },
            "doc_count": 210799
        },
        "category_Y": {
            "count": {
                "value": 0
            },
            "doc_count": 210141
        },
        "category_Z": {
            "count": {
                "value": 0
            },
            "doc_count": 210627
        }
    },
    "hits": {
        "hits": [],
        "max_score": null,
        "total": {
            "relation": "gte",
            "value": 10000
        }
    },
    "timed_out": false,
    "took": 643
}